<?xml version="1.0" encoding="UTF-8"?>
<testsuite name="org.matrix.TEESimulator.rka.identity.CandidateIdentityCanonicalizerTest" tests="3" skipped="0" failures="0" errors="0" timestamp="2026-08-04T10:00:58.359Z" hostname="cachyos-x8664" time="0.005">
  <properties/>
  <testcase name="sharedUidSigningRotation" classname="org.matrix.TEESimulator.rka.identity.CandidateIdentityCanonicalizerTest" time="0.002"/>
  <testcase name="rejectsMalformedIncompleteOrAmbiguousAuthorityData" classname="org.matrix.TEESimulator.rka.identity.CandidateIdentityCanonicalizerTest" time="0.001"/>
  <testcase name="independentSyntheticFixturePinsDerCborHashesAndBundleDigest" classname="org.matrix.TEESimulator.rka.identity.CandidateIdentityCanonicalizerTest" time="0.002"/>
  <system-out><![CDATA[]]></system-out>
  <system-err><![CDATA[]]></system-err>
</testsuite>
