<?xml version="1.0" encoding="UTF-8"?>
<testsuite name="org.matrix.TEESimulator.AppLaunchPlanTest" tests="4" skipped="0" failures="0" errors="0" timestamp="2026-08-04T10:00:54.287Z" hostname="cachyos-x8664" time="0.01">
  <properties/>
  <testcase name="donorLaunchStartsOnlyDonorProvisioning" classname="org.matrix.TEESimulator.AppLaunchPlanTest" time="0.008"/>
  <testcase name="localAndLegacyLaunchOnlyLegacyKeystoreRuntime" classname="org.matrix.TEESimulator.AppLaunchPlanTest" time="0.0"/>
  <testcase name="candidateLaunchStartsCandidateRuntimeAndKeystoreInterception" classname="org.matrix.TEESimulator.AppLaunchPlanTest" time="0.0"/>
  <testcase name="nonCanonicalOrAdditionalArgumentsFailClosed" classname="org.matrix.TEESimulator.AppLaunchPlanTest" time="0.001"/>
  <system-out><![CDATA[]]></system-out>
  <system-err><![CDATA[]]></system-err>
</testsuite>
