<?xml version="1.0" encoding="UTF-8"?>
<testsuite name="org.matrix.TEESimulator.rka.donor.DonorKeyMintBridgeTest" tests="4" skipped="0" failures="0" errors="0" timestamp="2026-08-04T10:00:58.326Z" hostname="cachyos-x8664" time="0.011">
  <properties/>
  <testcase name="liveOperationsAndRetainedKeysArePartitionedByCandidate" classname="org.matrix.TEESimulator.rka.donor.DonorKeyMintBridgeTest" time="0.005"/>
  <testcase name="donorRequestAndResponseRolesAdmitTypedLifecycleFrames" classname="org.matrix.TEESimulator.rka.donor.DonorKeyMintBridgeTest" time="0.001"/>
  <testcase name="authenticatedDonorDispatcherSupportsEveryLifecycleCommand" classname="org.matrix.TEESimulator.rka.donor.DonorKeyMintBridgeTest" time="0.003"/>
  <testcase name="ambiguousGenerationReturnsOnlyErrorAndNeverRetries" classname="org.matrix.TEESimulator.rka.donor.DonorKeyMintBridgeTest" time="0.002"/>
  <system-out><![CDATA[]]></system-out>
  <system-err><![CDATA[]]></system-err>
</testsuite>
