<?xml version="1.0" encoding="UTF-8"?>
<testsuite name="org.matrix.TEESimulator.rka.broker.RkaBrokerDeadlineTest" tests="7" skipped="0" failures="0" errors="0" timestamp="2026-08-04T10:00:58.256Z" hostname="cachyos-x8664" time="0.007">
  <properties/>
  <testcase name="cancellationWinningCompletionRaceDiscardsResultAndStopsWorker" classname="org.matrix.TEESimulator.rka.broker.RkaBrokerDeadlineTest" time="0.001"/>
  <testcase name="inspectConsumesOneAggregateBudgetAcrossBothServices" classname="org.matrix.TEESimulator.rka.broker.RkaBrokerDeadlineTest" time="0.0"/>
  <testcase name="binderDeathWinningCompletionRaceDiscardsGeneratedMaterial" classname="org.matrix.TEESimulator.rka.broker.RkaBrokerDeadlineTest" time="0.0"/>
  <testcase name="timeoutWinningCompletionRaceDiscardsResult" classname="org.matrix.TEESimulator.rka.broker.RkaBrokerDeadlineTest" time="0.0"/>
  <testcase name="backwardClockReadingFailsClosedInsteadOfExtendingBudget" classname="org.matrix.TEESimulator.rka.broker.RkaBrokerDeadlineTest" time="0.001"/>
  <testcase name="deadlineExpiresAtExactBoundaryAcrossNanoTimeOverflow" classname="org.matrix.TEESimulator.rka.broker.RkaBrokerDeadlineTest" time="0.0"/>
  <testcase name="expiredQueuedCallIsRemovedAndNeverStarts" classname="org.matrix.TEESimulator.rka.broker.RkaBrokerDeadlineTest" time="0.005"/>
  <system-out><![CDATA[]]></system-out>
  <system-err><![CDATA[]]></system-err>
</testsuite>
