<?xml version="1.0" encoding="UTF-8"?>
<testsuite name="org.matrix.TEESimulator.interception.keystore.RemoteCandidateParcelEntrypointTest" tests="1" skipped="0" failures="0" errors="0" timestamp="2026-08-04T10:00:54.475Z" hostname="cachyos-x8664" time="1.827">
  <properties/>
  <testcase name="keyMintTransactionParsesRoutesAndReturnsDrivableOperation" classname="org.matrix.TEESimulator.interception.keystore.RemoteCandidateParcelEntrypointTest" time="1.827"/>
  <system-out><![CDATA[]]></system-out>
  <system-err><![CDATA[]]></system-err>
</testsuite>
