<?xml version="1.0" encoding="UTF-8"?>
<testsuite name="org.matrix.TEESimulator.rka.candidate.SyntheticLeaseAttestationProbeTest" tests="2" skipped="0" failures="0" errors="0" timestamp="2026-08-04T10:00:58.310Z" hostname="cachyos-x8664" time="0.004">
  <properties/>
  <testcase name="rejectsDifferentChallengeOrIssuer" classname="org.matrix.TEESimulator.rka.candidate.SyntheticLeaseAttestationProbeTest" time="0.002"/>
  <testcase name="verifiesBoundChallengeAndPersistedLeaseIssuer" classname="org.matrix.TEESimulator.rka.candidate.SyntheticLeaseAttestationProbeTest" time="0.002"/>
  <system-out><![CDATA[]]></system-out>
  <system-err><![CDATA[]]></system-err>
</testsuite>
