<?xml version="1.0" encoding="UTF-8"?>
<testsuite name="org.matrix.TEESimulator.rka.broker.IrpcIdentityProbeTest" tests="2" skipped="0" failures="0" errors="0" timestamp="2026-08-04T10:00:57.206Z" hostname="cachyos-x8664" time="0.002">
  <properties/>
  <testcase name="resolvedIdentityMustAlsoFitJournalUtf8Boundary" classname="org.matrix.TEESimulator.rka.broker.IrpcIdentityProbeTest" time="0.001"/>
  <testcase name="everyBrokerFailureMapsToOneRedactedStableCategory" classname="org.matrix.TEESimulator.rka.broker.IrpcIdentityProbeTest" time="0.001"/>
  <system-out><![CDATA[]]></system-out>
  <system-err><![CDATA[]]></system-err>
</testsuite>
