<?xml version="1.0" encoding="UTF-8"?>
<testsuite name="org.matrix.TEESimulator.rka.donor.DonorKeyMintLifecycleTest" tests="2" skipped="0" failures="0" errors="0" timestamp="2026-08-04T10:00:58.348Z" hostname="cachyos-x8664" time="0.004">
  <properties/>
  <testcase name="generateSignVerifyAndDelete" classname="org.matrix.TEESimulator.rka.donor.DonorKeyMintLifecycleTest" time="0.002"/>
  <testcase name="everyLiveOperationMethodUsesOneSerializedEndpoint" classname="org.matrix.TEESimulator.rka.donor.DonorKeyMintLifecycleTest" time="0.002"/>
  <system-out><![CDATA[]]></system-out>
  <system-err><![CDATA[]]></system-err>
</testsuite>
