<?xml version="1.0" encoding="UTF-8"?>
<testsuite name="org.matrix.TEESimulator.interception.keystore.RemoteCandidateTransactionCallsiteGuardTest" tests="1" skipped="0" failures="0" errors="0" timestamp="2026-08-04T10:00:56.303Z" hostname="cachyos-x8664" time="0.002">
  <properties/>
  <testcase name="compiledGenerateHandlerRetainsParcelParsingAndCandidateRoute" classname="org.matrix.TEESimulator.interception.keystore.RemoteCandidateTransactionCallsiteGuardTest" time="0.002"/>
  <system-out><![CDATA[]]></system-out>
  <system-err><![CDATA[]]></system-err>
</testsuite>
