<?xml version="1.0" encoding="UTF-8"?>
<testsuite name="org.matrix.TEESimulator.rka.candidate.SyntheticLeaseCodecTest" tests="4" skipped="0" failures="0" errors="0" timestamp="2026-08-04T10:00:58.315Z" hostname="cachyos-x8664" time="0.004">
  <properties/>
  <testcase name="decodesCurrentLeaseAndProvesPrivateKeyMatchesCertifiedLeaf" classname="org.matrix.TEESimulator.rka.candidate.SyntheticLeaseCodecTest" time="0.002"/>
  <testcase name="rejectsTamperedRecord" classname="org.matrix.TEESimulator.rka.candidate.SyntheticLeaseCodecTest" time="0.001"/>
  <testcase name="bindsLeaseToCurrentPairedActivation" classname="org.matrix.TEESimulator.rka.candidate.SyntheticLeaseCodecTest" time="0.0"/>
  <testcase name="rejectsExpiredRecord" classname="org.matrix.TEESimulator.rka.candidate.SyntheticLeaseCodecTest" time="0.001"/>
  <system-out><![CDATA[]]></system-out>
  <system-err><![CDATA[]]></system-err>
</testsuite>
