<?xml version="1.0" encoding="UTF-8"?>
<testsuite name="org.matrix.TEESimulator.rka.donor.AndroidDonorSyntheticLeaseImportTest" tests="1" skipped="0" failures="0" errors="0" timestamp="2026-08-04T10:00:58.320Z" hostname="cachyos-x8664" time="0.003">
  <properties/>
  <testcase name="importsCallerOwnedP256AsSoleAttestKeyAndDeletesTheTemporaryBlob" classname="org.matrix.TEESimulator.rka.donor.AndroidDonorSyntheticLeaseImportTest" time="0.003"/>
  <system-out><![CDATA[]]></system-out>
  <system-err><![CDATA[]]></system-err>
</testsuite>
