<?xml version="1.0" encoding="UTF-8"?>
<testsuite name="org.matrix.TEESimulator.rka.bridge.CandidateBridgeStreamFramingTest" tests="3" skipped="0" failures="0" errors="0" timestamp="2026-08-04T10:00:57.161Z" hostname="cachyos-x8664" time="0.001">
  <properties/>
  <testcase name="response_outer_length_is_consumed_before_canonical_decode" classname="org.matrix.TEESimulator.rka.bridge.CandidateBridgeStreamFramingTest" time="0.001"/>
  <testcase name="request_frame_has_the_sidecars_bounded_outer_length" classname="org.matrix.TEESimulator.rka.bridge.CandidateBridgeStreamFramingTest" time="0.0"/>
  <testcase name="invalid_outer_lengths_are_rejected_before_body_allocation" classname="org.matrix.TEESimulator.rka.bridge.CandidateBridgeStreamFramingTest" time="0.0"/>
  <system-out><![CDATA[]]></system-out>
  <system-err><![CDATA[]]></system-err>
</testsuite>
