<?xml version="1.0" encoding="UTF-8"?>
<testsuite name="org.matrix.TEESimulator.interception.keystore.RemoteCandidateInterceptorHandlerTest" tests="1" skipped="0" failures="0" errors="0" timestamp="2026-08-04T10:00:54.329Z" hostname="cachyos-x8664" time="0.011">
  <properties/>
  <testcase name="keystoreHandlersRouteListGetGrantAndDelete" classname="org.matrix.TEESimulator.interception.keystore.RemoteCandidateInterceptorHandlerTest" time="0.011"/>
  <system-out><![CDATA[]]></system-out>
  <system-err><![CDATA[]]></system-err>
</testsuite>
