<?xml version="1.0" encoding="UTF-8"?>
<testsuite name="org.matrix.TEESimulator.rka.identity.CandidateIdentityDriftTest" tests="3" skipped="0" failures="0" errors="0" timestamp="2026-08-04T10:00:58.365Z" hostname="cachyos-x8664" time="0.006">
  <properties/>
  <testcase name="binderUidIsCapturedBeforeAuthorityWorkAndQueryFailureIsDrift" classname="org.matrix.TEESimulator.rka.identity.CandidateIdentityDriftTest" time="0.0"/>
  <testcase name="everyInFlightFieldDriftSuppressesAndQuarantinesExactlyOnce" classname="org.matrix.TEESimulator.rka.identity.CandidateIdentityDriftTest" time="0.005"/>
  <testcase name="stableSnapshotExposesOnlyOnce" classname="org.matrix.TEESimulator.rka.identity.CandidateIdentityDriftTest" time="0.001"/>
  <system-out><![CDATA[]]></system-out>
  <system-err><![CDATA[]]></system-err>
</testsuite>
