<?xml version="1.0" encoding="UTF-8"?>
<testsuite name="org.matrix.TEESimulator.interception.keystore.LegacySecurityLevelBaselineTest" tests="4" skipped="0" failures="0" errors="0" timestamp="2026-08-04T10:00:54.317Z" hostname="cachyos-x8664" time="0.012">
  <properties/>
  <testcase name="setupRegistersAndLoadsTeeAndStrongBox" classname="org.matrix.TEESimulator.interception.keystore.LegacySecurityLevelBaselineTest" time="0.009"/>
  <testcase name="returnedSecurityLevelRegistersForCallingUid" classname="org.matrix.TEESimulator.interception.keystore.LegacySecurityLevelBaselineTest" time="0.002"/>
  <testcase name="setupContinuesAfterTeeResolutionError" classname="org.matrix.TEESimulator.interception.keystore.LegacySecurityLevelBaselineTest" time="0.0"/>
  <testcase name="setupSkipsUnavailableStrongBox" classname="org.matrix.TEESimulator.interception.keystore.LegacySecurityLevelBaselineTest" time="0.001"/>
  <system-out><![CDATA[]]></system-out>
  <system-err><![CDATA[]]></system-err>
</testsuite>
