<?xml version="1.0" encoding="UTF-8"?>
<testsuite name="org.matrix.TEESimulator.rka.donor.SyntheticLeaseImportBridgeTest" tests="3" skipped="0" failures="0" errors="0" timestamp="2026-08-04T10:00:58.354Z" hostname="cachyos-x8664" time="0.005">
  <properties/>
  <testcase name="authenticatedRuntimeImportsValidatesDeletesAndReturnsCanonicalPublicChain" classname="org.matrix.TEESimulator.rka.donor.SyntheticLeaseImportBridgeTest" time="0.003"/>
  <testcase name="localProbeRoundTripsOneBoundedSecretAndRedactsEveryDescription" classname="org.matrix.TEESimulator.rka.donor.SyntheticLeaseImportBridgeTest" time="0.001"/>
  <testcase name="probeResponseContainsOnlyPublicCertificateMaterial" classname="org.matrix.TEESimulator.rka.donor.SyntheticLeaseImportBridgeTest" time="0.001"/>
  <system-out><![CDATA[]]></system-out>
  <system-err><![CDATA[]]></system-err>
</testsuite>
