<?xml version="1.0" encoding="UTF-8"?>
<testsuite name="org.matrix.TEESimulator.rka.donor.DonorDispatchProductionReachabilityTest" tests="2" skipped="0" failures="0" errors="0" timestamp="2026-08-04T10:00:58.326Z" hostname="cachyos-x8664" time="0.0">
  <properties/>
  <testcase name="productionRuntimeUsesTheDonorDispatchAdapterCallsite" classname="org.matrix.TEESimulator.rka.donor.DonorDispatchProductionReachabilityTest" time="0.0"/>
  <testcase name="productionRuntimeWiresAuthenticatedDiscardAndWipeEffects" classname="org.matrix.TEESimulator.rka.donor.DonorDispatchProductionReachabilityTest" time="0.0"/>
  <system-out><![CDATA[]]></system-out>
  <system-err><![CDATA[]]></system-err>
</testsuite>
