<?xml version="1.0" encoding="UTF-8"?>
<testsuite name="org.matrix.TEESimulator.rka.journal.RkpJournalIntegrityTest" tests="3" skipped="0" failures="0" errors="0" timestamp="2026-08-04T10:00:58.412Z" hostname="cachyos-x8664" time="0.002">
  <properties/>
  <testcase name="rejectsSpkiAndResolvedIdentityMutation" classname="org.matrix.TEESimulator.rka.journal.RkpJournalIntegrityTest" time="0.0"/>
  <testcase name="rejectsForgedDeterministicHandle" classname="org.matrix.TEESimulator.rka.journal.RkpJournalIntegrityTest" time="0.001"/>
  <testcase name="identitySwapIsRejectedBeforeHardwareGeneration" classname="org.matrix.TEESimulator.rka.journal.RkpJournalIntegrityTest" time="0.001"/>
  <system-out><![CDATA[]]></system-out>
  <system-err><![CDATA[]]></system-err>
</testsuite>
